{"C:\\Users\\jhona\\Documents\\PROJETOS\\next-multi-themes\\next-multi-themes\\src\\index.tsx": {"path":"C:\\Users\\jhona\\Documents\\PROJETOS\\next-multi-themes\\next-multi-themes\\src\\index.tsx","all":false,"statementMap":{"0":{"start":{"line":1,"column":0},"end":{"line":1,"column":8}},"1":{"start":{"line":2,"column":0},"end":{"line":2,"column":11}},"2":{"start":{"line":3,"column":0},"end":{"line":3,"column":20}},"3":{"start":{"line":4,"column":0},"end":{"line":4,"column":16}},"4":{"start":{"line":5,"column":0},"end":{"line":5,"column":14}},"5":{"start":{"line":6,"column":0},"end":{"line":6,"column":13}},"6":{"start":{"line":7,"column":0},"end":{"line":7,"column":12}},"7":{"start":{"line":8,"column":0},"end":{"line":8,"column":10}},"8":{"start":{"line":9,"column":0},"end":{"line":9,"column":11}},"9":{"start":{"line":10,"column":0},"end":{"line":10,"column":14}},"10":{"start":{"line":11,"column":0},"end":{"line":11,"column":59}},"11":{"start":{"line":12,"column":0},"end":{"line":12,"column":0}},"12":{"start":{"line":13,"column":0},"end":{"line":13,"column":53}},"13":{"start":{"line":14,"column":0},"end":{"line":14,"column":79}},"14":{"start":{"line":15,"column":0},"end":{"line":15,"column":67}},"15":{"start":{"line":16,"column":0},"end":{"line":16,"column":0}},"16":{"start":{"line":17,"column":0},"end":{"line":17,"column":72}},"17":{"start":{"line":18,"column":0},"end":{"line":18,"column":0}},"18":{"start":{"line":19,"column":0},"end":{"line":19,"column":80}},"19":{"start":{"line":20,"column":0},"end":{"line":20,"column":42}},"20":{"start":{"line":21,"column":0},"end":{"line":21,"column":0}},"21":{"start":{"line":22,"column":0},"end":{"line":22,"column":59}},"22":{"start":{"line":23,"column":0},"end":{"line":23,"column":29}},"23":{"start":{"line":24,"column":0},"end":{"line":24,"column":1}},"24":{"start":{"line":25,"column":0},"end":{"line":25,"column":0}},"25":{"start":{"line":26,"column":0},"end":{"line":26,"column":50}},"26":{"start":{"line":27,"column":0},"end":{"line":27,"column":47}},"27":{"start":{"line":28,"column":0},"end":{"line":28,"column":56}},"28":{"start":{"line":29,"column":0},"end":{"line":29,"column":0}},"29":{"start":{"line":30,"column":0},"end":{"line":30,"column":70}},"30":{"start":{"line":31,"column":0},"end":{"line":31,"column":58}},"31":{"start":{"line":32,"column":0},"end":{"line":32,"column":9}},"32":{"start":{"line":33,"column":0},"end":{"line":33,"column":36}},"33":{"start":{"line":34,"column":0},"end":{"line":34,"column":28}},"34":{"start":{"line":35,"column":0},"end":{"line":35,"column":21}},"35":{"start":{"line":36,"column":0},"end":{"line":36,"column":26}},"36":{"start":{"line":37,"column":0},"end":{"line":37,"column":5}},"37":{"start":{"line":38,"column":0},"end":{"line":38,"column":8}},"38":{"start":{"line":39,"column":0},"end":{"line":39,"column":0}},"39":{"start":{"line":40,"column":0},"end":{"line":40,"column":33}},"40":{"start":{"line":41,"column":0},"end":{"line":41,"column":52}},"41":{"start":{"line":42,"column":0},"end":{"line":42,"column":24}},"42":{"start":{"line":43,"column":0},"end":{"line":43,"column":42}},"43":{"start":{"line":44,"column":0},"end":{"line":44,"column":0}},"44":{"start":{"line":45,"column":0},"end":{"line":45,"column":17}},"45":{"start":{"line":46,"column":0},"end":{"line":46,"column":56}},"46":{"start":{"line":47,"column":0},"end":{"line":47,"column":58}},"47":{"start":{"line":48,"column":0},"end":{"line":48,"column":57}},"48":{"start":{"line":49,"column":0},"end":{"line":49,"column":12}},"49":{"start":{"line":50,"column":0},"end":{"line":50,"column":16}},"50":{"start":{"line":51,"column":0},"end":{"line":51,"column":53}},"51":{"start":{"line":52,"column":0},"end":{"line":52,"column":9}},"52":{"start":{"line":53,"column":0},"end":{"line":53,"column":14}},"53":{"start":{"line":54,"column":0},"end":{"line":54,"column":38}},"54":{"start":{"line":55,"column":0},"end":{"line":55,"column":7}},"55":{"start":{"line":56,"column":0},"end":{"line":56,"column":6}},"56":{"start":{"line":57,"column":0},"end":{"line":57,"column":7}},"57":{"start":{"line":58,"column":0},"end":{"line":58,"column":3}},"58":{"start":{"line":59,"column":0},"end":{"line":59,"column":0}},"59":{"start":{"line":60,"column":0},"end":{"line":60,"column":19}},"60":{"start":{"line":61,"column":0},"end":{"line":61,"column":40}},"61":{"start":{"line":62,"column":0},"end":{"line":62,"column":48}},"62":{"start":{"line":63,"column":0},"end":{"line":63,"column":0}},"63":{"start":{"line":64,"column":0},"end":{"line":64,"column":32}},"64":{"start":{"line":65,"column":0},"end":{"line":65,"column":12}},"65":{"start":{"line":66,"column":0},"end":{"line":66,"column":13}},"66":{"start":{"line":67,"column":0},"end":{"line":67,"column":15}},"67":{"start":{"line":68,"column":0},"end":{"line":68,"column":7}},"68":{"start":{"line":69,"column":0},"end":{"line":69,"column":23}},"69":{"start":{"line":70,"column":0},"end":{"line":70,"column":3}},"70":{"start":{"line":71,"column":0},"end":{"line":71,"column":0}},"71":{"start":{"line":72,"column":0},"end":{"line":72,"column":10}},"72":{"start":{"line":73,"column":0},"end":{"line":73,"column":49}},"73":{"start":{"line":74,"column":0},"end":{"line":74,"column":16}},"74":{"start":{"line":75,"column":0},"end":{"line":75,"column":28}},"75":{"start":{"line":76,"column":0},"end":{"line":76,"column":3}},"76":{"start":{"line":77,"column":0},"end":{"line":77,"column":1}},"77":{"start":{"line":78,"column":0},"end":{"line":78,"column":0}},"78":{"start":{"line":79,"column":0},"end":{"line":79,"column":12}},"79":{"start":{"line":80,"column":0},"end":{"line":80,"column":0}},"80":{"start":{"line":81,"column":0},"end":{"line":81,"column":64}},"81":{"start":{"line":82,"column":0},"end":{"line":82,"column":50}},"82":{"start":{"line":83,"column":0},"end":{"line":83,"column":1}},"83":{"start":{"line":84,"column":0},"end":{"line":84,"column":28}},"84":{"start":{"line":85,"column":0},"end":{"line":85,"column":32}},"85":{"start":{"line":86,"column":0},"end":{"line":86,"column":0}},"86":{"start":{"line":87,"column":0},"end":{"line":87,"column":60}},"87":{"start":{"line":88,"column":0},"end":{"line":88,"column":40}},"88":{"start":{"line":89,"column":0},"end":{"line":89,"column":0}},"89":{"start":{"line":90,"column":0},"end":{"line":90,"column":46}},"90":{"start":{"line":91,"column":0},"end":{"line":91,"column":43}},"91":{"start":{"line":92,"column":0},"end":{"line":92,"column":0}},"92":{"start":{"line":93,"column":0},"end":{"line":93,"column":40}},"93":{"start":{"line":94,"column":0},"end":{"line":94,"column":70}},"94":{"start":{"line":95,"column":0},"end":{"line":95,"column":5}},"95":{"start":{"line":96,"column":0},"end":{"line":96,"column":0}},"96":{"start":{"line":97,"column":0},"end":{"line":97,"column":21}},"97":{"start":{"line":98,"column":0},"end":{"line":98,"column":41}},"98":{"start":{"line":99,"column":0},"end":{"line":99,"column":49}},"99":{"start":{"line":100,"column":0},"end":{"line":100,"column":11}},"100":{"start":{"line":101,"column":0},"end":{"line":101,"column":7}},"101":{"start":{"line":102,"column":0},"end":{"line":102,"column":43}},"102":{"start":{"line":103,"column":0},"end":{"line":103,"column":5}},"103":{"start":{"line":104,"column":0},"end":{"line":104,"column":4}},"104":{"start":{"line":105,"column":0},"end":{"line":105,"column":22}},"105":{"start":{"line":106,"column":0},"end":{"line":106,"column":1}}},"s":{"0":1,"1":1,"2":1,"3":1,"4":1,"5":1,"6":1,"7":1,"8":1,"9":1,"10":1,"11":1,"12":1,"13":1,"14":1,"15":1,"16":1,"17":1,"18":1,"19":2,"20":2,"21":2,"22":1,"23":1,"24":1,"25":1,"26":1,"27":1,"28":1,"29":1,"30":0,"31":0,"32":0,"33":0,"34":0,"35":0,"36":0,"37":1,"38":1,"39":1,"40":1,"41":1,"42":1,"43":1,"44":1,"45":1,"46":1,"47":0,"48":0,"49":1,"50":0,"51":0,"52":1,"53":0,"54":0,"55":1,"56":1,"57":1,"58":1,"59":1,"60":1,"61":1,"62":1,"63":1,"64":1,"65":1,"66":1,"67":1,"68":1,"69":1,"70":1,"71":1,"72":1,"73":1,"74":1,"75":1,"76":1,"77":1,"78":1,"79":1,"80":1,"81":1,"82":1,"83":1,"84":3,"85":3,"86":3,"87":3,"88":3,"89":3,"90":2,"91":2,"92":2,"93":2,"94":2,"95":2,"96":2,"97":2,"98":2,"99":2,"100":2,"101":2,"102":2,"103":2,"104":3,"105":3},"branchMap":{"0":{"type":"branch","line":19,"loc":{"start":{"line":19,"column":68},"end":{"line":24,"column":1}},"locations":[{"start":{"line":19,"column":68},"end":{"line":24,"column":1}}]},"1":{"type":"branch","line":22,"loc":{"start":{"line":22,"column":15},"end":{"line":24,"column":1}},"locations":[{"start":{"line":22,"column":15},"end":{"line":24,"column":1}}]},"2":{"type":"branch","line":26,"loc":{"start":{"line":26,"column":0},"end":{"line":77,"column":1}},"locations":[{"start":{"line":26,"column":0},"end":{"line":77,"column":1}}]},"3":{"type":"branch","line":28,"loc":{"start":{"line":28,"column":39},"end":{"line":28,"column":56}},"locations":[{"start":{"line":28,"column":39},"end":{"line":28,"column":56}}]},"4":{"type":"branch","line":41,"loc":{"start":{"line":41,"column":4},"end":{"line":56,"column":6}},"locations":[{"start":{"line":41,"column":4},"end":{"line":56,"column":6}}]},"5":{"type":"branch","line":50,"loc":{"start":{"line":50,"column":8},"end":{"line":52,"column":9}},"locations":[{"start":{"line":50,"column":8},"end":{"line":52,"column":9}}]},"6":{"type":"branch","line":53,"loc":{"start":{"line":53,"column":6},"end":{"line":55,"column":7}},"locations":[{"start":{"line":53,"column":6},"end":{"line":55,"column":7}}]},"7":{"type":"branch","line":60,"loc":{"start":{"line":60,"column":12},"end":{"line":62,"column":5}},"locations":[{"start":{"line":60,"column":12},"end":{"line":62,"column":5}}]},"8":{"type":"branch","line":65,"loc":{"start":{"line":65,"column":4},"end":{"line":68,"column":7}},"locations":[{"start":{"line":65,"column":4},"end":{"line":68,"column":7}}]},"9":{"type":"branch","line":81,"loc":{"start":{"line":81,"column":7},"end":{"line":83,"column":1}},"locations":[{"start":{"line":81,"column":7},"end":{"line":83,"column":1}}]},"10":{"type":"branch","line":84,"loc":{"start":{"line":84,"column":7},"end":{"line":106,"column":1}},"locations":[{"start":{"line":84,"column":7},"end":{"line":106,"column":1}}]},"11":{"type":"branch","line":85,"loc":{"start":{"line":85,"column":16},"end":{"line":85,"column":32}},"locations":[{"start":{"line":85,"column":16},"end":{"line":85,"column":32}}]},"12":{"type":"branch","line":90,"loc":{"start":{"line":90,"column":36},"end":{"line":104,"column":4}},"locations":[{"start":{"line":90,"column":36},"end":{"line":104,"column":4}}]},"13":{"type":"branch","line":94,"loc":{"start":{"line":94,"column":6},"end":{"line":94,"column":70}},"locations":[{"start":{"line":94,"column":6},"end":{"line":94,"column":70}}]},"14":{"type":"branch","line":94,"loc":{"start":{"line":94,"column":29},"end":{"line":94,"column":70}},"locations":[{"start":{"line":94,"column":29},"end":{"line":94,"column":70}}]}},"b":{"0":[2],"1":[1],"2":[1],"3":[1],"4":[1],"5":[0],"6":[0],"7":[1],"8":[1],"9":[1],"10":[3],"11":[0],"12":[2],"13":[2],"14":[0]},"fnMap":{"0":{"name":"setTheme","decl":{"start":{"line":15,"column":57},"end":{"line":15,"column":66}},"loc":{"start":{"line":15,"column":57},"end":{"line":15,"column":66}},"line":15},"1":{"name":"useTheme","decl":{"start":{"line":17,"column":24},"end":{"line":17,"column":72}},"loc":{"start":{"line":17,"column":24},"end":{"line":17,"column":72}},"line":17},"2":{"name":"ThemeProvider","decl":{"start":{"line":19,"column":68},"end":{"line":24,"column":1}},"loc":{"start":{"line":19,"column":68},"end":{"line":24,"column":1}},"line":19},"3":{"name":"Theme","decl":{"start":{"line":26,"column":0},"end":{"line":77,"column":1}},"loc":{"start":{"line":26,"column":0},"end":{"line":77,"column":1}},"line":26},"4":{"name":"setToStorage","decl":{"start":{"line":81,"column":7},"end":{"line":83,"column":1}},"loc":{"start":{"line":81,"column":7},"end":{"line":83,"column":1}},"line":81},"5":{"name":"getTheme","decl":{"start":{"line":84,"column":7},"end":{"line":106,"column":1}},"loc":{"start":{"line":84,"column":7},"end":{"line":106,"column":1}},"line":84}},"f":{"0":0,"1":0,"2":2,"3":1,"4":1,"5":3}}
}
