TN:
SF:src\index.tsx
FN:15,setTheme
FN:17,useTheme
FN:19,ThemeProvider
FN:26,Theme
FN:81,setToStorage
FN:84,getTheme
FNF:6
FNH:4
FNDA:0,setTheme
FNDA:0,useTheme
FNDA:2,ThemeProvider
FNDA:1,Theme
FNDA:1,setToStorage
FNDA:3,getTheme
DA:1,1
DA:2,1
DA:3,1
DA:4,1
DA:5,1
DA:6,1
DA:7,1
DA:8,1
DA:9,1
DA:10,1
DA:11,1
DA:12,1
DA:13,1
DA:14,1
DA:15,1
DA:16,1
DA:17,1
DA:18,1
DA:19,1
DA:20,2
DA:21,2
DA:22,2
DA:23,1
DA:24,1
DA:25,1
DA:26,1
DA:27,1
DA:28,1
DA:29,1
DA:30,1
DA:31,0
DA:32,0
DA:33,0
DA:34,0
DA:35,0
DA:36,0
DA:37,0
DA:38,1
DA:39,1
DA:40,1
DA:41,1
DA:42,1
DA:43,1
DA:44,1
DA:45,1
DA:46,1
DA:47,1
DA:48,0
DA:49,0
DA:50,1
DA:51,0
DA:52,0
DA:53,1
DA:54,0
DA:55,0
DA:56,1
DA:57,1
DA:58,1
DA:59,1
DA:60,1
DA:61,1
DA:62,1
DA:63,1
DA:64,1
DA:65,1
DA:66,1
DA:67,1
DA:68,1
DA:69,1
DA:70,1
DA:71,1
DA:72,1
DA:73,1
DA:74,1
DA:75,1
DA:76,1
DA:77,1
DA:78,1
DA:79,1
DA:80,1
DA:81,1
DA:82,1
DA:83,1
DA:84,1
DA:85,3
DA:86,3
DA:87,3
DA:88,3
DA:89,3
DA:90,3
DA:91,2
DA:92,2
DA:93,2
DA:94,2
DA:95,2
DA:96,2
DA:97,2
DA:98,2
DA:99,2
DA:100,2
DA:101,2
DA:102,2
DA:103,2
DA:104,2
DA:105,3
DA:106,3
LF:106
LH:93
BRDA:19,0,0,2
BRDA:22,1,0,1
BRDA:26,2,0,1
BRDA:28,3,0,1
BRDA:41,4,0,1
BRDA:50,5,0,0
BRDA:53,6,0,0
BRDA:60,7,0,1
BRDA:65,8,0,1
BRDA:81,9,0,1
BRDA:84,10,0,3
BRDA:85,11,0,0
BRDA:90,12,0,2
BRDA:94,13,0,2
BRDA:94,14,0,0
BRF:15
BRH:11
end_of_record
